<?xml version='1.0' encoding='UTF-8'?>
<testsuite hostname="OVO-JPTYKN3" name="AcceptanceTests" tests="1" errors="0" failures="1" skipped="0" time="0.024" timestamp="2023-05-26T15:38:16">
          <properties>
      <property name="jline.esc.timeout" value="0"/><property name="jna.platform.library.path" value="/usr/lib/x86_64-linux-gnu:/lib/x86_64-linux-gnu:/usr/lib64:/lib64:/usr/lib:/lib:/lib/i386-linux-gnu:/usr/lib/x86_64-linux-gnu/libfakeroot"/><property name="java.runtime.name" value="OpenJDK Runtime Environment"/><property name="sun.boot.library.path" value="/home/sammiecohen/.sdkman/candidates/java/8.0.352-tem/jre/lib/amd64"/><property name="java.vm.version" value="25.352-b08"/><property name="java.vm.vendor" value="Temurin"/><property name="java.vendor.url" value="https://adoptium.net/"/><property name="path.separator" value=":"/><property name="jna.loaded" value="true"/><property name="java.vm.name" value="OpenJDK 64-Bit Server VM"/><property name="file.encoding.pkg" value="sun.io"/><property name="user.country" value="GB"/><property name="sun.java.launcher" value="SUN_STANDARD"/><property name="sun.os.patch.level" value="unknown"/><property name="jna.nosys" value="true"/><property name="java.vm.specification.name" value="Java Virtual Machine Specification"/><property name="user.dir" value="/home/sammiecohen/git/scala-katas"/><property name="java.runtime.version" value="1.8.0_352-b08"/><property name="java.awt.graphicsenv" value="sun.awt.X11GraphicsEnvironment"/><property name="java.endorsed.dirs" value="/home/sammiecohen/.sdkman/candidates/java/8.0.352-tem/jre/lib/endorsed"/><property name="os.arch" value="amd64"/><property name="java.io.tmpdir" value="/tmp"/><property name="line.separator" value="
"/><property name="java.vm.specification.vendor" value="Oracle Corporation"/><property name="log4j.ignoreTCL" value="true"/><property name="os.name" value="Linux"/><property name="sun.jnu.encoding" value="UTF-8"/><property name="jnidispatch.path" value="/home/sammiecohen/.cache/JNA/temp/jna7567338878525618341.tmp"/><property name="java.library.path" value="/usr/java/packages/lib/amd64:/usr/lib64:/lib64:/lib:/usr/lib"/><property name="java.specification.name" value="Java Platform API Specification"/><property name="java.class.version" value="52.0"/><property name="sbt.ipcsocket.tmpdir" value="/run/user/1000/.sbtea8041a6/ipcsocket"/><property name="sun.management.compiler" value="HotSpot 64-Bit Tiered Compilers"/><property name="os.version" value="5.19.0-41-generic"/><property name="swoval.tmpdir" value="/run/user/1000/.sbtea8041a6/swoval"/><property name="user.home" value="/home/sammiecohen"/><property name="user.timezone" value="Europe/London"/><property name="java.awt.printerjob" value="sun.print.PSPrinterJob"/><property name="file.encoding" value="UTF-8"/><property name="java.specification.version" value="1.8"/><property name="java.class.path" value="/home/sammiecohen/.sdkman/candidates/sbt/1.8.0/bin/sbt-launch.jar"/><property name="user.name" value="sammiecohen"/><property name="jline.shutdownhook" value="false"/><property name="java.vm.specification.version" value="1.8"/><property name="sun.java.command" value="/home/sammiecohen/.sdkman/candidates/sbt/1.8.0/bin/sbt-launch.jar"/><property name="java.home" value="/home/sammiecohen/.sdkman/candidates/java/8.0.352-tem/jre"/><property name="sun.arch.data.model" value="64"/><property name="user.language" value="en"/><property name="java.specification.vendor" value="Oracle Corporation"/><property name="awt.toolkit" value="sun.awt.X11.XToolkit"/><property name="java.vm.info" value="mixed mode"/><property name="java.version" value="1.8.0_352"/><property name="java.ext.dirs" value="/home/sammiecohen/.sdkman/candidates/java/8.0.352-tem/jre/lib/ext:/usr/java/packages/lib/ext"/><property name="sun.boot.class.path" value="/home/sammiecohen/.sdkman/candidates/java/8.0.352-tem/jre/lib/resources.jar:/home/sammiecohen/.sdkman/candidates/java/8.0.352-tem/jre/lib/rt.jar:/home/sammiecohen/.sdkman/candidates/java/8.0.352-tem/jre/lib/sunrsasign.jar:/home/sammiecohen/.sdkman/candidates/java/8.0.352-tem/jre/lib/jsse.jar:/home/sammiecohen/.sdkman/candidates/java/8.0.352-tem/jre/lib/jce.jar:/home/sammiecohen/.sdkman/candidates/java/8.0.352-tem/jre/lib/charsets.jar:/home/sammiecohen/.sdkman/candidates/java/8.0.352-tem/jre/lib/jfr.jar:/home/sammiecohen/.sdkman/candidates/java/8.0.352-tem/jre/classes"/><property name="java.vendor" value="Temurin"/><property name="java.specification.maintenance.version" value="4"/><property name="file.separator" value="/"/><property name="java.vendor.url.bug" value="https://github.com/adoptium/adoptium-support/issues"/><property name="sun.io.unicode.encoding" value="UnicodeLittle"/><property name="sun.cpu.endian" value="little"/><property name="sbt.script" value="/home/sammiecohen/.sdkman/candidates/sbt/current/bin/sbt"/><property name="sun.desktop" value="gnome"/><property name="sun.cpu.isalist" value=""/>
    </properties>
          <testcase classname="AcceptanceTests" name="example test that succeeds" time="0.024">
                      <failure message="[Ljava.lang.String;@3fc6ec3b (of class [Ljava.lang.String;)" type="scala.MatchError">scala.MatchError: [Ljava.lang.String;@3fc6ec3b (of class [Ljava.lang.String;)
	at test.demo.RoverController$.sendCommand(Main.scala:26)
	at AcceptanceTests.$init$$$anonfun$1(Tests.scala:17)
</failure>
                    </testcase>
          <system-out><![CDATA[]]></system-out>
          <system-err><![CDATA[]]></system-err>
        </testsuite>