<?xml version='1.0' encoding='UTF-8'?>
<testsuite hostname="arch" name="MySuite" tests="1" errors="0" failures="0" skipped="0" time="0.047" timestamp="2023-05-12T16:16:29">
          <properties>
      <property name="jline.esc.timeout" value="0"/><property name="jna.platform.library.path" value="/usr/lib64:/lib64:/usr/lib:/lib:/usr/lib32:/usr/lib/opencollada:/opt/intel/oneapi/tbb/latest/lib/intel64/gcc4.8:/opt/intel/oneapi/compiler/latest/linux/lib:/opt/intel/oneapi/compiler/latest/linux/compiler/lib/intel64_lin:/usr/lib/libfakeroot"/><property name="java.runtime.name" value="OpenJDK Runtime Environment"/><property name="sun.boot.library.path" value="/home/work/.sdkman/candidates/java/8.0.352-tem/jre/lib/amd64"/><property name="java.vm.version" value="25.352-b08"/><property name="java.vm.vendor" value="Temurin"/><property name="java.vendor.url" value="https://adoptium.net/"/><property name="path.separator" value=":"/><property name="jna.loaded" value="true"/><property name="java.vm.name" value="OpenJDK 64-Bit Server VM"/><property name="file.encoding.pkg" value="sun.io"/><property name="user.country" value="GB"/><property name="sun.java.launcher" value="SUN_STANDARD"/><property name="sun.os.patch.level" value="unknown"/><property name="jna.nosys" value="true"/><property name="java.vm.specification.name" value="Java Virtual Machine Specification"/><property name="user.dir" value="/home/git/scala-katas"/><property name="java.runtime.version" value="1.8.0_352-b08"/><property name="java.awt.graphicsenv" value="sun.awt.X11GraphicsEnvironment"/><property name="java.endorsed.dirs" value="/home/work/.sdkman/candidates/java/8.0.352-tem/jre/lib/endorsed"/><property name="os.arch" value="amd64"/><property name="java.io.tmpdir" value="/tmp"/><property name="line.separator" value="
"/><property name="java.vm.specification.vendor" value="Oracle Corporation"/><property name="log4j.ignoreTCL" value="true"/><property name="os.name" value="Linux"/><property name="sun.jnu.encoding" value="UTF-8"/><property name="jnidispatch.path" value="/home/work/.cache/JNA/temp/jna3677753433559178355.tmp"/><property name="java.library.path" value="/usr/java/packages/lib/amd64:/usr/lib64:/lib64:/lib:/usr/lib"/><property name="java.specification.name" value="Java Platform API Specification"/><property name="java.class.version" value="52.0"/><property name="sbt.ipcsocket.tmpdir" value="/run/user/1001/.sbted03ae20/ipcsocket"/><property name="sun.management.compiler" value="HotSpot 64-Bit Tiered Compilers"/><property name="os.version" value="6.2.13-arch1-1"/><property name="swoval.tmpdir" value="/run/user/1001/.sbted03ae20/swoval"/><property name="user.home" value="/home/work"/><property name="user.timezone" value="Europe/London"/><property name="java.awt.printerjob" value="sun.print.PSPrinterJob"/><property name="file.encoding" value="UTF-8"/><property name="java.specification.version" value="1.8"/><property name="java.class.path" value="/home/work/.sdkman/candidates/sbt/1.8.0/bin/sbt-launch.jar"/><property name="user.name" value="work"/><property name="jline.shutdownhook" value="false"/><property name="java.vm.specification.version" value="1.8"/><property name="sun.java.command" value="/home/work/.sdkman/candidates/sbt/1.8.0/bin/sbt-launch.jar test"/><property name="java.home" value="/home/work/.sdkman/candidates/java/8.0.352-tem/jre"/><property name="sun.arch.data.model" value="64"/><property name="user.language" value="en"/><property name="java.specification.vendor" value="Oracle Corporation"/><property name="awt.toolkit" value="sun.awt.X11.XToolkit"/><property name="java.vm.info" value="mixed mode"/><property name="java.version" value="1.8.0_352"/><property name="java.ext.dirs" value="/home/work/.sdkman/candidates/java/8.0.352-tem/jre/lib/ext:/usr/java/packages/lib/ext"/><property name="sun.boot.class.path" value="/home/work/.sdkman/candidates/java/8.0.352-tem/jre/lib/resources.jar:/home/work/.sdkman/candidates/java/8.0.352-tem/jre/lib/rt.jar:/home/work/.sdkman/candidates/java/8.0.352-tem/jre/lib/sunrsasign.jar:/home/work/.sdkman/candidates/java/8.0.352-tem/jre/lib/jsse.jar:/home/work/.sdkman/candidates/java/8.0.352-tem/jre/lib/jce.jar:/home/work/.sdkman/candidates/java/8.0.352-tem/jre/lib/charsets.jar:/home/work/.sdkman/candidates/java/8.0.352-tem/jre/lib/jfr.jar:/home/work/.sdkman/candidates/java/8.0.352-tem/jre/classes"/><property name="java.vendor" value="Temurin"/><property name="java.specification.maintenance.version" value="4"/><property name="file.separator" value="/"/><property name="java.vendor.url.bug" value="https://github.com/adoptium/adoptium-support/issues"/><property name="sun.io.unicode.encoding" value="UnicodeLittle"/><property name="sun.cpu.endian" value="little"/><property name="sbt.script" value="/home/work/.sdkman/candidates/sbt/current/bin/sbt"/><property name="sun.cpu.isalist" value=""/>
    </properties>
          <testcase classname="MySuite" name="example test that succeeds" time="0.047">
                      
                    </testcase>
          <system-out><![CDATA[]]></system-out>
          <system-err><![CDATA[]]></system-err>
        </testsuite>